2. Установите параметры git в соответствии с вашими учетными данными:
 git config --global user.name viselichka
 git config --global user.email redmousewow@gmail.com
 git config --global init.defaultBranch main

3. Установите непосредственно программу git и набор утилит для управления github из командной строки gh:
apt update
Hit:1 http://ru.archive.ubuntu.com/ubuntu noble InRelease
Get:2 http://ru.archive.ubuntu.com/ubuntu noble-updates InRelease [126 kB]
Get:3 http://security.ubuntu.com/ubuntu noble-security InRelease [126 kB]
Get:4 http://ru.archive.ubuntu.com/ubuntu noble-backports InRelease [126 kB]
Get:5 http://ru.archive.ubuntu.com/ubuntu noble-updates/main amd64 Packages [922 kB]
Get:6 http://ru.archive.ubuntu.com/ubuntu noble-updates/main amd64 Components [151 kB]
Get:7 http://ru.archive.ubuntu.com/ubuntu noble-updates/main amd64 c-n-f Metadata [13.5 kB]
Get:8 http://ru.archive.ubuntu.com/ubuntu noble-updates/restricted amd64 Components [212 B]
Get:9 http://ru.archive.ubuntu.com/ubuntu noble-updates/universe amd64 Components [364 kB]
Get:10 http://ru.archive.ubuntu.com/ubuntu noble-updates/universe amd64 c-n-f Metadata [25.9 kB]
Get:11 http://ru.archive.ubuntu.com/ubuntu noble-updates/multiverse amd64 Components [940 B]
Get:12 http://ru.archive.ubuntu.com/ubuntu noble-backports/main Translation-en [2,588 B]
Get:13 http://ru.archive.ubuntu.com/ubuntu noble-backports/main amd64 Components [208 B]
Get:14 http://ru.archive.ubuntu.com/ubuntu noble-backports/restricted amd64 Components [216 B]
Get:15 http://ru.archive.ubuntu.com/ubuntu noble-backports/universe amd64 Packages [14.6 kB]
Get:16 http://ru.archive.ubuntu.com/ubuntu noble-backports/universe Translation-en [14.6 kB]
Get:17 http://ru.archive.ubuntu.com/ubuntu noble-backports/universe amd64 Components [20.0 kB]
Get:18 http://ru.archive.ubuntu.com/ubuntu noble-backports/universe amd64 c-n-f Metadata [1,268 B]
Get:19 http://ru.archive.ubuntu.com/ubuntu noble-backports/multiverse amd64 Components [212 B]
Get:20 http://security.ubuntu.com/ubuntu noble-security/main amd64 Components [9,000 B]
Get:21 http://security.ubuntu.com/ubuntu noble-security/restricted amd64 Components [208 B]
Get:22 http://security.ubuntu.com/ubuntu noble-security/universe amd64 Components [51.9 kB]
Get:23 http://security.ubuntu.com/ubuntu noble-security/multiverse amd64 Components [208 B]
Fetched 1,971 kB in 2s (1,198 kB/s)   
Reading package lists... Done
Building dependency tree... Done
Reading state information... Done
23 packages can be upgraded. Run 'apt list --upgradable' to see them.

apt install git gh
Reading package lists... Done
Building dependency tree... Done
Reading state information... Done
git is already the newest version (1:2.43.0-1ubuntu7.2).
git set to manually installed.
The following NEW packages will be installed:
  gh
0 upgraded, 1 newly installed, 0 to remove and 23 not upgraded.
Need to get 8,826 kB of archives.
After this operation, 45.4 MB of additional disk space will be used.
Do you want to continue? [Y/n] Y
Get:1 http://ru.archive.ubuntu.com/ubuntu noble-updates/universe amd64 gh amd64 2.45.0-1ubuntu0.2 [8,826 kB]
Fetched 8,826 kB in 2s (4,973 kB/s)
Selecting previously unselected package gh.
(Reading database ... 86723 files and directories currently installed.)
Preparing to unpack .../gh_2.45.0-1ubuntu0.2_amd64.deb ...
Unpacking gh (2.45.0-1ubuntu0.2) ...
Setting up gh (2.45.0-1ubuntu0.2) ...
Processing triggers for man-db (2.12.0-4build2) ...
Scanning processes...                                                           
Scanning linux images...                                                        

Running kernel seems to be up-to-date.

No services need to be restarted.

No containers need to be restarted.

No user sessions are running outdated binaries.

No VM guests are running outdated hypervisor (qemu) binaries on this host.

4. Создайте ключ ssh
ssh-keygen -t ed25519 -f ~/.ssh/viselichka
Generating public/private ed25519 key pair.
Enter passphrase (empty for no passphrase): 
Enter same passphrase again: 
Your identification has been saved in /root/.ssh/viselichka
Your public key has been saved in /root/.ssh/viselichka.pub
The key fingerprint is:
SHA256:rXyStTp0yOtcnDU9tG9f2UbQWaMaJchCfhc+fELNF9A root@eltex-practice2-pg2-v24
The key's randomart image is:
+--[ED25519 256]--+
|      ... .+ooooo|
|      .. o+ +o.E+|
|       ... B o+..|
|        ... *o o |
|       .S.o.o + .|
|       .+=.+ . +o|
|       .=o*    .*|
|       .o=     oo|
|       .+.      .|
+----[SHA256]-----+

5. Подключите этот компьютер к github:
gh auth login
? What account do you want to log into? GitHub.com
? What is your preferred protocol for Git operations on this host? SSH
? Upload your SSH public key to your GitHub account? /root/.ssh/viselichka.pub
? Title for your SSH key: eltex-practice-pg2-v24
? How would you like to authenticate GitHub CLI? Login with a web browser

! First copy your one-time code: 2BCE-3675
Press Enter to open github.com in your browser... 
! Failed opening a web browser at https://github.com/login/device
  exec: "xdg-open,x-www-browser,www-browser,wslview": executable file not found in $PATH
  Please try entering the URL in your browser manually
✓ Authentication complete.
- gh config set -h github.com git_protocol ssh
✓ Configured git protocol
! Authentication credentials saved in plain text
✓ Uploaded the SSH key to your GitHub account: /root/.ssh/viselichka.pub
✓ Logged in as viselichka

6.Укажите автоматическую авторизацию только для сайта github.com:
gh auth setup-git --hostname github.com

7. Убедитесь, что все в порядке
gh auth status
github.com
  ✓ Logged in to github.com account viselichka (/root/.config/gh/hosts.yml)
  - Active account: true
  - Git operations protocol: ssh
  - Token: gho_************************************
  - Token scopes: 'admin:public_key', 'gist', 'read:org', 'repo'

8.Создайте репозиторий:
gh repo create --public practv24
✓ Created repository viselichka/practv24 on GitHub
  https://github.com/viselichka/practv24

9.Заполняем репозиторий:
mkdir ~/practv24 && cd ~/practv24
echo "# практические работы" >> README.md

git init
Initialized empty Git repository in /root/practv24/.git/

git add README.md

git commit -m "first commit"
[main (root-commit) a271f9b] first commit
 1 file changed, 1 insertion(+)
 create mode 100644 README.md

git branch -M main
 git remote add origin https://github.com/viselichka/practv24.git

git status
On branch main
nothing to commit, working tree clean

git push -u origin main
Enumerating objects: 3, done.
Counting objects: 100% (3/3), done.
Writing objects: 100% (3/3), 253 bytes | 253.00 KiB/s, done.
Total 3 (delta 0), reused 0 (delta 0), pack-reused 0
To https://github.com/viselichka/practv24.git
 * [new branch]      main -> main
branch 'main' set up to track 'origin/main'.

#Захожу на сервер для 1 практики и оттуда копирую файлы
scp /home/eltex-pg2-v24/eltex-pg2-v24_part.log  root@172.16.9.224:~/practv24/module1/task1/eltex-pg2-v24_part.log
eltex-pg2-v24_part.log                        100% 5357    10.6MB/s   00:00    

scp /home/eltex-pg2-v24/eltex-pg2-v24_part3.log  root@172.16.9.224:~/practv24/module1/task1/eltex-pg2-v24_part3.log
eltex-pg2-v24_part3.log                       100% 3190    10.3MB/s   00:00    

scp /home/eltex-pg2-v24/report_part1.txt   root@172.16.9.224:~/practv24/module1/task1/report_part1.txt
report_part1.txt                              100%  126     6.5KB/s   00:00    

scp /home/eltex-pg2-v24/eltex-pg2-v24_part3_gt50M.log    root@172.16.9.224:~/practv24/module1/task1/eltex-pg2-v24_part3_gt50M.log
eltex-pg2-v24_part3_gt50M.log                 100%  173   605.2KB/s   00:00  

git add .
git status
On branch main
Your branch is up to date with 'origin/main'.

Changes to be committed:
  (use "git restore --staged <file>..." to unstage)
	new file:   module1/task1/eltex-pg2-v24_part.log
	new file:   module1/task1/eltex-pg2-v24_part3.log
	new file:   module1/task1/eltex-pg2-v24_part3_gt50M.log
	new file:   module1/task1/report_part1.txt
git commit -m "добавлены файлы для практики"
[main edb0265] добавлены файлы для практики
 4 files changed, 161 insertions(+)
 create mode 100644 module1/task1/eltex-pg2-v24_part.log
 create mode 100644 module1/task1/eltex-pg2-v24_part3.log
 create mode 100644 module1/task1/eltex-pg2-v24_part3_gt50M.log
 create mode 100644 module1/task1/report_part1.txt
git push
Enumerating objects: 9, done.
Counting objects: 100% (9/9), done.
Delta compression using up to 2 threads
Compressing objects: 100% (7/7), done.
Writing objects: 100% (8/8), 3.86 KiB | 3.86 MiB/s, done.
Total 8 (delta 0), reused 0 (delta 0), pack-reused 0
To https://github.com/viselichka/practv24.git
   a271f9b..edb0265  main -> main

10. Клонируйте ваш репозиторий:
mkdir ~/practv24_clone && cd ~/practv24_clone
git clone https://github.com/viselichka/practv24.git .
Cloning into '.'...
remote: Enumerating objects: 11, done.
remote: Counting objects: 100% (11/11), done.
remote: Compressing objects: 100% (8/8), done.
remote: Total 11 (delta 0), reused 11 (delta 0), pack-reused 0 (from 0)
Receiving objects: 100% (11/11), 4.07 KiB | 4.07 MiB/s, done.

11. Внесите изменение в основном каталоге, не забыв про git add/commit/push, выполнить в каталоге с клоном:
mkdir module2 
cd module2
touch test.log
cd ../
git add .
git status
On branch main
Your branch is up to date with 'origin/main'.

Changes to be committed:
  (use "git restore --staged <file>..." to unstage)
	new file:   module2/test.log

git commit -m "добавлена новая директория"
[main a229334] добавлена новая директория
 1 file changed, 0 insertions(+), 0 deletions(-)
 create mode 100644 module2/test.log

git push
Enumerating objects: 5, done.
Counting objects: 100% (5/5), done.
Delta compression using up to 2 threads
Compressing objects: 100% (2/2), done.
Writing objects: 100% (4/4), 391 bytes | 391.00 KiB/s, done.
Total 4 (delta 0), reused 0 (delta 0), pack-reused 0
To https://github.com/viselichka/practv24.git
   edb0265..a229334  main -> main

git fetch
remote: Enumerating objects: 5, done.
remote: Counting objects: 100% (5/5), done.
remote: Compressing objects: 100% (2/2), done.
remote: Total 4 (delta 0), reused 4 (delta 0), pack-reused 0 (from 0)
Unpacking objects: 100% (4/4), 371 bytes | 371.00 KiB/s, done.
From https://github.com/viselichka/practv24
   edb0265..a229334  main       -> origin/main
git log origin/main
commit a229334e27d9084f1253e35a34d535ee9978ddc8 (origin/main, origin/HEAD)
Author: viselichka <redmousewow@gmail.com>
Date:   Fri Mar 21 11:04:29 2025 +0000

    добавлена новая директория

commit edb0265c457efc7d8b861c58d4c834d810b11381 (HEAD -> main)
Author: viselichka <redmousewow@gmail.com>
Date:   Fri Mar 21 10:44:19 2025 +0000

    добавлены файлы для практики

commit a271f9b506a46ec723e077e3f51978798fb9506a
Author: viselichka <redmousewow@gmail.com>
Date:   Fri Mar 21 10:08:08 2025 +0000

    first commit

git diff main origin/main
diff --git a/module2/test.log b/module2/test.log
new file mode 100644
index 0000000..e69de29

git pull origin main
From https://github.com/viselichka/practv24
 * branch            main       -> FETCH_HEAD
Updating edb0265..a229334
Fast-forward
 module2/test.log | 0
 1 file changed, 0 insertions(+), 0 deletions(-)
 create mode 100644 module2/test.log

12.Повторите п.9 начиная с создания каталогов для отчета по второй практике
cp ~/practice2_part1.log ~/practv24/module1/task2/
cp ~/practice2_part2.log ~/practv24/module1/task2/
git add .
git status
On branch main
Your branch is up to date with 'origin/main'.

Changes to be committed:
  (use "git restore --staged <file>..." to unstage)
	new file:   module1/task2/practice2_part1.log
	new file:   module1/task2/practice2_part2.log

git commit -m "добавлены файлы для 2 практики"
[main 0185d84] добавлены файлы для 2 практики
 2 files changed, 1044 insertions(+)
 create mode 100644 module1/task2/practice2_part1.log
 create mode 100644 module1/task2/practice2_part2.log
git push
Enumerating objects: 8, done.
Counting objects: 100% (8/8), done.
Delta compression using up to 2 threads
Compressing objects: 100% (6/6), done.
Writing objects: 100% (6/6), 13.57 KiB | 13.57 MiB/s, done.
Total 6 (delta 0), reused 0 (delta 0), pack-reused 0
To https://github.com/viselichka/practv24.git
   a229334..0185d84  main -> main
cd ~/practv24_clone/
git fetch
git log origin/main
commit 0185d84bf72851f5e6d20f857d1bad33ea922362 (origin/main, origin/HEAD)
Author: viselichka <redmousewow@gmail.com>
Date:   Fri Mar 21 12:07:29 2025 +0000

    добавлены файлы для 2 практики

commit a229334e27d9084f1253e35a34d535ee9978ddc8 (HEAD -> main)
Author: viselichka <redmousewow@gmail.com>
Date:   Fri Mar 21 11:04:29 2025 +0000

    добавлена новая директория

commit edb0265c457efc7d8b861c58d4c834d810b11381
Author: viselichka <redmousewow@gmail.com>
Date:   Fri Mar 21 10:44:19 2025 +0000

    добавлены файлы для практики

commit a271f9b506a46ec723e077e3f51978798fb9506a
Author: viselichka <redmousewow@gmail.com>
Date:   Fri Mar 21 10:08:08 2025 +0000

    first commit
git diff main origin/main
diff --git a/module1/task2/practice2_part1.log b/module1/task2/practice2_part1.log
new file mode 100644
index 0000000..7b80a12
--- /dev/null
+++ b/module1/task2/practice2_part1.log
@@ -0,0 +1,265 @@
+1. Создайте на сервере для 1 практики ключ ssh
+ssh-keygen
+cat ~/.ssh/*.pub
+ssh-rsa AAAAB3NzaC1yc2EAAAADAQABAAABgQCl48Uv0Id5fL1FZa7tmKkDUgcUeTiOO4XmOY5BteKmNLVniRIfstB/ewfwful2dD9G/SKDzyFL6spXrCBw4HEExOvcC0t/YXL4itkG23JzA/ynhUvq2aMUH7xQFjcs8rAU+Dzz1Oze7/2ZqrZf/xnUB+c7tZUGoYCFK5AbJG3UOJqxY0J5tqrQmqT8yikAnpid6cG8woO/2161XEZa7OjZFPt+h4adHuE7/jiSHvyIieC5kIswYS6EeDnrDpI4+PYOJ3068S7TQOISuU6RBmc2c12eNLccS83GxkL8tDZ6mZm1jUNo+B/wJEappf/ZanRBIvj1NnU8uhI/I1EHYX16ttZ/9oip/b7vJ+9EIYV1qCoRn3NsTyObg2/bfDsZxNawBzIJN53rm6/DwQ4/p/iABs/RTDMbE+XX0+NJ4U2FGl/fvyGpb9I/qBhqWvlRTGRtPrBjgr/rpLBb1802xsHRIsxClQ63xNZMSbhaZ/19UsDNNYschyWbmLmqQ9uxz9s= eltex-pg2-v24@eltex
+
+2. Скопируйте созданный ключ на сервер для 2 практики 
+ssh-copy-id -i ~/.ssh/id_rsa.pub root@172.16.9.224
+
+3. Сравнить содержимое файла открытого ключа на сервере 1 ~/.ssh/*.pub и ~/.ssh/authorized_keys файла на сервере для 2 практики, а также права доступа для каждого
+cat ~/.ssh/*.pub

git pull origin main
From https://github.com/viselichka/practv24
 * branch            main       -> FETCH_HEAD
Updating a229334..0185d84
Fast-forward
 module1/task2/practice2_part1.log | 265 +++++++++++++++++
 module1/task2/practice2_part2.log | 779 +++++++++++++++++++++++++++++++++++++++++++++++++
 2 files changed, 1044 insertions(+)
 create mode 100644 module1/task2/practice2_part1.log
 create mode 100644 module1/task2/practice2_part2.log

